  [4;36;1mSQL (0.3ms)[0m   [0;1m SELECT name
 FROM sqlite_master
 WHERE type = 'table' AND NOT name = 'sqlite_sequence'
[0m
  [4;35;1mSQL (0.2ms)[0m   [0mselect sqlite_version(*)[0m
  [4;36;1mSQL (85.5ms)[0m   [0;1mCREATE TABLE "schema_migrations" ("version" varchar(255) NOT NULL) [0m
  [4;35;1mSQL (57.2ms)[0m   [0mCREATE UNIQUE INDEX "unique_schema_migrations" ON "schema_migrations" ("version")[0m
  [4;36;1mSQL (0.3ms)[0m   [0;1m SELECT name
 FROM sqlite_master
 WHERE type = 'table' AND NOT name = 'sqlite_sequence'
[0m
  [4;35;1mSQL (0.1ms)[0m   [0mSELECT version FROM schema_migrations[0m
Migrating to CreateUsers (20110226080655)
  [4;36;1mSQL (0.6ms)[0m   [0;1mCREATE TABLE "users" ("id" INTEGER PRIMARY KEY AUTOINCREMENT NOT NULL, "name" varchar(255), "email" varchar(255), "password" varchar(255), "created_at" datetime, "updated_at" datetime) [0m
  [4;35;1mSQL (0.1ms)[0m   [0mINSERT INTO schema_migrations (version) VALUES ('20110226080655')[0m
  [4;36;1mSQL (0.3ms)[0m   [0;1m SELECT name
 FROM sqlite_master
 WHERE type = 'table' AND NOT name = 'sqlite_sequence'
[0m
  [4;35;1mSQL (0.2ms)[0m   [0mSELECT version FROM schema_migrations[0m
  [4;36;1mSQL (0.2ms)[0m   [0;1m SELECT name
 FROM sqlite_master
 WHERE type = 'table' AND NOT name = 'sqlite_sequence'
[0m
  [4;35;1mSQL (0.1ms)[0m   [0mPRAGMA index_list("users")[0m


Processing Rails::InfoController#properties (for 127.0.0.1 at 2011-02-26 13:37:55) [GET]
  [4;36;1mSQL (0.7ms)[0m   [0;1m SELECT name
 FROM sqlite_master
 WHERE type = 'table' AND NOT name = 'sqlite_sequence'
[0m
  [4;35;1mSQL (0.2ms)[0m   [0mSELECT version FROM schema_migrations[0m
Completed in 48ms (View: 7, DB: 1) | 200 OK [http://localhost/rails/info/properties]


Processing ApplicationController#index (for 127.0.0.1 at 2011-02-26 13:39:03) [GET]

NameError (uninitialized constant UserController):
  

Rendered rescues/_trace (30.8ms)
Rendered rescues/_request_and_response (2.0ms)
Rendering rescues/layout (internal_server_error)


Processing UsersController#index (for 127.0.0.1 at 2011-02-26 13:39:32) [GET]
  [4;36;1mUser Load (0.5ms)[0m   [0;1mSELECT * FROM "users" [0m
Rendering template within layouts/users
Rendering users/index
Completed in 74ms (View: 67, DB: 0) | 200 OK [http://localhost/]


Processing UsersController#new (for 127.0.0.1 at 2011-02-26 13:39:36) [GET]
Rendering template within layouts/users
Rendering users/new
Completed in 19ms (View: 12, DB: 0) | 200 OK [http://localhost/users/new]


Processing UsersController#create (for 127.0.0.1 at 2011-02-26 13:39:48) [POST]
  Parameters: {"user"=>{"name"=>"shyam", "password"=>"shyam123", "email"=>"shyam@gmail.com"}, "commit"=>"Create", "authenticity_token"=>"F7qg4c70b5EQNN6D7GeC631ZuqJvVJDLStUqyWspxL4="}
  [4;35;1mUser Create (0.5ms)[0m   [0mINSERT INTO "users" ("name", "updated_at", "password", "email", "created_at") VALUES('shyam', '2011-02-26 08:09:48', 'shyam123', 'shyam@gmail.com', '2011-02-26 08:09:48')[0m
Redirected to http://localhost:3000/users/1
Completed in 71ms (DB: 1) | 302 Found [http://localhost/users]


Processing UsersController#show (for 127.0.0.1 at 2011-02-26 13:39:48) [GET]
  Parameters: {"id"=>"1"}
  [4;36;1mUser Load (0.3ms)[0m   [0;1mSELECT * FROM "users" WHERE ("users"."id" = 1) [0m
Rendering template within layouts/users
Rendering users/show
Completed in 16ms (View: 8, DB: 0) | 200 OK [http://localhost/users/1]


Processing UsersController#edit (for 127.0.0.1 at 2011-02-26 13:39:53) [GET]
  Parameters: {"id"=>"1"}
  [4;35;1mUser Load (0.3ms)[0m   [0mSELECT * FROM "users" WHERE ("users"."id" = 1) [0m
Rendering template within layouts/users
Rendering users/edit
Completed in 20ms (View: 12, DB: 0) | 200 OK [http://localhost/users/1/edit]


Processing UsersController#index (for 127.0.0.1 at 2011-02-26 13:39:54) [GET]
  [4;36;1mUser Load (0.5ms)[0m   [0;1mSELECT * FROM "users" [0m
Rendering template within layouts/users
Rendering users/index
Completed in 14ms (View: 8, DB: 1) | 200 OK [http://localhost/users]


Processing UsersController#edit (for 127.0.0.1 at 2011-02-26 13:39:58) [GET]
  Parameters: {"id"=>"1"}
  [4;35;1mUser Load (0.3ms)[0m   [0mSELECT * FROM "users" WHERE ("users"."id" = 1) [0m
Rendering template within layouts/users
Rendering users/edit
Completed in 14ms (View: 7, DB: 0) | 200 OK [http://localhost/users/1/edit]


Processing UsersController#show (for 127.0.0.1 at 2011-02-26 13:39:59) [GET]
  Parameters: {"id"=>"1"}
  [4;36;1mUser Load (0.3ms)[0m   [0;1mSELECT * FROM "users" WHERE ("users"."id" = 1) [0m
Rendering template within layouts/users
Rendering users/show
Completed in 11ms (View: 3, DB: 0) | 200 OK [http://localhost/users/1]


Processing UsersController#index (for 127.0.0.1 at 2011-02-26 13:40:01) [GET]
  [4;35;1mUser Load (0.6ms)[0m   [0mSELECT * FROM "users" [0m
Rendering template within layouts/users
Rendering users/index
Completed in 14ms (View: 8, DB: 1) | 200 OK [http://localhost/users]


Processing UsersController#new (for 127.0.0.1 at 2011-02-26 13:40:08) [GET]
Rendering template within layouts/users
Rendering users/new
Completed in 13ms (View: 6, DB: 0) | 200 OK [http://localhost/users/new]


Processing UsersController#new (for 127.0.0.1 at 2011-02-26 13:41:21) [GET]
Rendering template within layouts/users
Rendering users/new
Completed in 40ms (View: 32, DB: 0) | 200 OK [http://localhost/users/new]


Processing UsersController#create (for 127.0.0.1 at 2011-02-26 13:41:23) [POST]
  Parameters: {"user"=>{"name"=>"", "password"=>"", "email"=>""}, "commit"=>"Create", "authenticity_token"=>"F7qg4c70b5EQNN6D7GeC631ZuqJvVJDLStUqyWspxL4="}
Rendering template within layouts/users
Rendering users/new
Completed in 24ms (View: 15, DB: 0) | 200 OK [http://localhost/users]


Processing UsersController#create (for 127.0.0.1 at 2011-02-26 14:14:57) [POST]
  Parameters: {"user"=>{"name"=>"", "password"=>"", "email"=>""}, "commit"=>"Create", "authenticity_token"=>"F7qg4c70b5EQNN6D7GeC631ZuqJvVJDLStUqyWspxL4="}
Rendering template within layouts/users
Rendering users/new
Completed in 50ms (View: 39, DB: 0) | 200 OK [http://localhost/users]


Processing UsersController#create (for 127.0.0.1 at 2011-02-26 14:15:07) [POST]
  Parameters: {"user"=>{"name"=>"à¤¶à¥à¤¯à¤¾à¤®", "password"=>"shyam123", "email"=>"shyam@crypsis.net"}, "commit"=>"Create", "authenticity_token"=>"F7qg4c70b5EQNN6D7GeC631ZuqJvVJDLStUqyWspxL4="}
  [4;36;1mUser Create (0.5ms)[0m   [0;1mINSERT INTO "users" ("name", "updated_at", "password", "email", "created_at") VALUES('à¤¶à¥à¤¯à¤¾à¤®', '2011-02-26 08:45:07', 'shyam123', 'shyam@crypsis.net', '2011-02-26 08:45:07')[0m
Redirected to http://localhost:3000/users/2
Completed in 79ms (DB: 0) | 302 Found [http://localhost/users]


Processing UsersController#show (for 127.0.0.1 at 2011-02-26 14:15:07) [GET]
  Parameters: {"id"=>"2"}
  [4;35;1mUser Load (0.3ms)[0m   [0mSELECT * FROM "users" WHERE ("users"."id" = 2) [0m
Rendering template within layouts/users
Rendering users/show
Completed in 16ms (View: 8, DB: 0) | 200 OK [http://localhost/users/2]


Processing UsersController#index (for 127.0.0.1 at 2011-02-26 14:15:12) [GET]
  [4;36;1mUser Load (0.6ms)[0m   [0;1mSELECT * FROM "users" [0m
Rendering template within layouts/users
Rendering users/index
Completed in 24ms (View: 17, DB: 1) | 200 OK [http://localhost/users]


Processing UsersController#index (for 127.0.0.1 at 2011-02-26 15:12:47) [GET]
  [4;35;1mUser Load (0.9ms)[0m   [0mSELECT * FROM "users" [0m
Rendering template within layouts/users
Rendering users/index
Completed in 24ms (View: 16, DB: 1) | 200 OK [http://localhost/users]


Processing UsersController#index (for 127.0.0.1 at 2011-04-05 12:54:00) [GET]
  [4;36;1mUser Load (0.8ms)[0m   [0;1mSELECT * FROM "users" [0m
Rendering template within layouts/users
Rendering users/index
Completed in 487ms (View: 471, DB: 1) | 200 OK [http://localhost/]


Processing UsersController#new (for 127.0.0.1 at 2011-04-05 12:54:08) [GET]
Rendering template within layouts/users
Rendering users/new
Completed in 53ms (View: 44, DB: 0) | 200 OK [http://localhost/users/new]


Processing UsersController#create (for 127.0.0.1 at 2011-04-05 12:54:16) [POST]
  Parameters: {"user"=>{"name"=>"shyam", "password"=>"shyam123", "email"=>"shyam@gmail.com"}, "commit"=>"Create", "authenticity_token"=>"HT68RCsw2Mkn+eZhWImH1ln8ZegutNvYbViPOqdramw="}
  [4;35;1mUser Create (0.6ms)[0m   [0mINSERT INTO "users" ("name", "updated_at", "password", "email", "created_at") VALUES('shyam', '2011-04-05 07:24:16', 'shyam123', 'shyam@gmail.com', '2011-04-05 07:24:16')[0m
Redirected to http://localhost:3000/users/3
Completed in 139ms (DB: 1) | 302 Found [http://localhost/users]


Processing UsersController#show (for 127.0.0.1 at 2011-04-05 12:54:16) [GET]
  Parameters: {"id"=>"3"}
  [4;36;1mUser Load (0.3ms)[0m   [0;1mSELECT * FROM "users" WHERE ("users"."id" = 3) [0m
Rendering template within layouts/users
Rendering users/show
Completed in 26ms (View: 18, DB: 0) | 200 OK [http://localhost/users/3]


Processing UsersController#index (for 127.0.0.1 at 2011-04-05 12:54:22) [GET]
  [4;35;1mUser Load (0.9ms)[0m   [0mSELECT * FROM "users" [0m
Rendering template within layouts/users
Rendering users/index
Completed in 32ms (View: 17, DB: 1) | 200 OK [http://localhost/users]
